[1;33m==========================================[0m
[1;33m   Starting Maison Truvra Code Audits     [0m
[1;33m==========================================[0m

[0;32m--- Installation/Mise Ã  jour des outils d'audit Python ---[0m
Requirement already satisfied: pip in /Library/Frameworks/Python.framework/Versions/3.11/lib/python3.11/site-packages (25.1.1)
Requirement already satisfied: bandit in /Library/Frameworks/Python.framework/Versions/3.11/lib/python3.11/site-packages (1.8.5)
Requirement already satisfied: safety in /Library/Frameworks/Python.framework/Versions/3.11/lib/python3.11/site-packages (3.5.2)
Requirement already satisfied: pip-audit in /Library/Frameworks/Python.framework/Versions/3.11/lib/python3.11/site-packages (2.9.0)
Requirement already satisfied: PyYAML>=5.3.1 in /Library/Frameworks/Python.framework/Versions/3.11/lib/python3.11/site-packages (from bandit) (6.0.2)
Requirement already satisfied: stevedore>=1.20.0 in /Library/Frameworks/Python.framework/Versions/3.11/lib/python3.11/site-packages (from bandit) (5.4.1)
Requirement already satisfied: rich in /Library/Frameworks/Python.framework/Versions/3.11/lib/python3.11/site-packages (from bandit) (13.9.4)
Requirement already satisfied: authlib>=1.2.0 in /Library/Frameworks/Python.framework/Versions/3.11/lib/python3.11/site-packages (from safety) (1.6.0)
Requirement already satisfied: click<8.2.0,>=8.0.2 in /Library/Frameworks/Python.framework/Versions/3.11/lib/python3.11/site-packages (from safety) (8.1.7)
Requirement already satisfied: dparse>=0.6.4 in /Library/Frameworks/Python.framework/Versions/3.11/lib/python3.11/site-packages (from safety) (0.6.4)
Requirement already satisfied: filelock~=3.16.1 in /Library/Frameworks/Python.framework/Versions/3.11/lib/python3.11/site-packages (from safety) (3.16.1)
Requirement already satisfied: httpx in /Library/Frameworks/Python.framework/Versions/3.11/lib/python3.11/site-packages (from safety) (0.28.1)
Requirement already satisfied: jinja2>=3.1.0 in /Library/Frameworks/Python.framework/Versions/3.11/lib/python3.11/site-packages (from safety) (3.1.3)
Requirement already satisfied: marshmallow>=3.15.0 in /Library/Frameworks/Python.framework/Versions/3.11/lib/python3.11/site-packages (from safety) (4.0.0)
Requirement already satisfied: nltk>=3.9 in /Library/Frameworks/Python.framework/Versions/3.11/lib/python3.11/site-packages (from safety) (3.9.1)
Requirement already satisfied: packaging>=21.0 in /Library/Frameworks/Python.framework/Versions/3.11/lib/python3.11/site-packages (from safety) (23.2)
Requirement already satisfied: psutil~=6.1.0 in /Library/Frameworks/Python.framework/Versions/3.11/lib/python3.11/site-packages (from safety) (6.1.1)
Requirement already satisfied: pydantic<2.10.0,>=2.6.0 in /Library/Frameworks/Python.framework/Versions/3.11/lib/python3.11/site-packages (from safety) (2.9.2)
Requirement already satisfied: requests in /Library/Frameworks/Python.framework/Versions/3.11/lib/python3.11/site-packages (from safety) (2.31.0)
Requirement already satisfied: ruamel-yaml>=0.17.21 in /Library/Frameworks/Python.framework/Versions/3.11/lib/python3.11/site-packages (from safety) (0.18.14)
Requirement already satisfied: safety-schemas==0.0.14 in /Library/Frameworks/Python.framework/Versions/3.11/lib/python3.11/site-packages (from safety) (0.0.14)
Requirement already satisfied: setuptools>=65.5.1 in /Library/Frameworks/Python.framework/Versions/3.11/lib/python3.11/site-packages (from safety) (80.9.0)
Requirement already satisfied: tenacity in /Library/Frameworks/Python.framework/Versions/3.11/lib/python3.11/site-packages (from safety) (9.1.2)
Requirement already satisfied: tomlkit in /Library/Frameworks/Python.framework/Versions/3.11/lib/python3.11/site-packages (from safety) (0.13.3)
Requirement already satisfied: typer>=0.12.1 in /Library/Frameworks/Python.framework/Versions/3.11/lib/python3.11/site-packages (from safety) (0.16.0)
Requirement already satisfied: typing-extensions>=4.7.1 in /Library/Frameworks/Python.framework/Versions/3.11/lib/python3.11/site-packages (from safety) (4.9.0)
Requirement already satisfied: annotated-types>=0.6.0 in /Library/Frameworks/Python.framework/Versions/3.11/lib/python3.11/site-packages (from pydantic<2.10.0,>=2.6.0->safety) (0.7.0)
Requirement already satisfied: pydantic-core==2.23.4 in /Library/Frameworks/Python.framework/Versions/3.11/lib/python3.11/site-packages (from pydantic<2.10.0,>=2.6.0->safety) (2.23.4)
Requirement already satisfied: CacheControl>=0.13.0 in /Library/Frameworks/Python.framework/Versions/3.11/lib/python3.11/site-packages (from CacheControl[filecache]>=0.13.0->pip-audit) (0.14.3)
Requirement already satisfied: cyclonedx-python-lib<10,>=5 in /Library/Frameworks/Python.framework/Versions/3.11/lib/python3.11/site-packages (from pip-audit) (9.1.0)
Requirement already satisfied: pip-api>=0.0.28 in /Library/Frameworks/Python.framework/Versions/3.11/lib/python3.11/site-packages (from pip-audit) (0.0.34)
Requirement already satisfied: pip-requirements-parser>=32.0.0 in /Library/Frameworks/Python.framework/Versions/3.11/lib/python3.11/site-packages (from pip-audit) (32.0.1)
Requirement already satisfied: toml>=0.10 in /Library/Frameworks/Python.framework/Versions/3.11/lib/python3.11/site-packages (from pip-audit) (0.10.2)
Requirement already satisfied: platformdirs>=4.2.0 in /Library/Frameworks/Python.framework/Versions/3.11/lib/python3.11/site-packages (from pip-audit) (4.3.8)
Requirement already satisfied: license-expression<31,>=30 in /Library/Frameworks/Python.framework/Versions/3.11/lib/python3.11/site-packages (from cyclonedx-python-lib<10,>=5->pip-audit) (30.4.3)
Requirement already satisfied: packageurl-python<2,>=0.11 in /Library/Frameworks/Python.framework/Versions/3.11/lib/python3.11/site-packages (from cyclonedx-python-lib<10,>=5->pip-audit) (0.17.1)
Requirement already satisfied: py-serializable<3.0.0,>=2.0.0 in /Library/Frameworks/Python.framework/Versions/3.11/lib/python3.11/site-packages (from cyclonedx-python-lib<10,>=5->pip-audit) (2.0.0)
Requirement already satisfied: sortedcontainers<3.0.0,>=2.4.0 in /Library/Frameworks/Python.framework/Versions/3.11/lib/python3.11/site-packages (from cyclonedx-python-lib<10,>=5->pip-audit) (2.4.0)
Requirement already satisfied: boolean.py>=4.0 in /Library/Frameworks/Python.framework/Versions/3.11/lib/python3.11/site-packages (from license-expression<31,>=30->cyclonedx-python-lib<10,>=5->pip-audit) (5.0)
Requirement already satisfied: defusedxml<0.8.0,>=0.7.1 in /Library/Frameworks/Python.framework/Versions/3.11/lib/python3.11/site-packages (from py-serializable<3.0.0,>=2.0.0->cyclonedx-python-lib<10,>=5->pip-audit) (0.7.1)
Requirement already satisfied: cryptography in /Library/Frameworks/Python.framework/Versions/3.11/lib/python3.11/site-packages (from authlib>=1.2.0->safety) (42.0.5)
Requirement already satisfied: msgpack<2.0.0,>=0.5.2 in /Library/Frameworks/Python.framework/Versions/3.11/lib/python3.11/site-packages (from CacheControl>=0.13.0->CacheControl[filecache]>=0.13.0->pip-audit) (1.1.1)
Requirement already satisfied: MarkupSafe>=2.0 in /Library/Frameworks/Python.framework/Versions/3.11/lib/python3.11/site-packages (from jinja2>=3.1.0->safety) (2.1.5)
Requirement already satisfied: joblib in /Library/Frameworks/Python.framework/Versions/3.11/lib/python3.11/site-packages (from nltk>=3.9->safety) (1.5.1)
Requirement already satisfied: regex>=2021.8.3 in /Library/Frameworks/Python.framework/Versions/3.11/lib/python3.11/site-packages (from nltk>=3.9->safety) (2024.11.6)
Requirement already satisfied: tqdm in /Library/Frameworks/Python.framework/Versions/3.11/lib/python3.11/site-packages (from nltk>=3.9->safety) (4.67.1)
Requirement already satisfied: pyparsing in /Library/Frameworks/Python.framework/Versions/3.11/lib/python3.11/site-packages (from pip-requirements-parser>=32.0.0->pip-audit) (3.2.3)
Requirement already satisfied: charset-normalizer<4,>=2 in /Library/Frameworks/Python.framework/Versions/3.11/lib/python3.11/site-packages (from requests->safety) (3.3.2)
Requirement already satisfied: idna<4,>=2.5 in /Library/Frameworks/Python.framework/Versions/3.11/lib/python3.11/site-packages (from requests->safety) (3.6)
Requirement already satisfied: urllib3<3,>=1.21.1 in /Library/Frameworks/Python.framework/Versions/3.11/lib/python3.11/site-packages (from requests->safety) (2.2.1)
Requirement already satisfied: certifi>=2017.4.17 in /Library/Frameworks/Python.framework/Versions/3.11/lib/python3.11/site-packages (from requests->safety) (2024.2.2)
Requirement already satisfied: markdown-it-py>=2.2.0 in /Library/Frameworks/Python.framework/Versions/3.11/lib/python3.11/site-packages (from rich->bandit) (3.0.0)
Requirement already satisfied: pygments<3.0.0,>=2.13.0 in /Library/Frameworks/Python.framework/Versions/3.11/lib/python3.11/site-packages (from rich->bandit) (2.19.1)
Requirement already satisfied: mdurl~=0.1 in /Library/Frameworks/Python.framework/Versions/3.11/lib/python3.11/site-packages (from markdown-it-py>=2.2.0->rich->bandit) (0.1.2)
Requirement already satisfied: ruamel.yaml.clib>=0.2.7 in /Library/Frameworks/Python.framework/Versions/3.11/lib/python3.11/site-packages (from ruamel-yaml>=0.17.21->safety) (0.2.12)
Requirement already satisfied: pbr>=2.0.0 in /Library/Frameworks/Python.framework/Versions/3.11/lib/python3.11/site-packages (from stevedore>=1.20.0->bandit) (6.1.1)
Requirement already satisfied: shellingham>=1.3.0 in /Library/Frameworks/Python.framework/Versions/3.11/lib/python3.11/site-packages (from typer>=0.12.1->safety) (1.5.4)
Requirement already satisfied: cffi>=1.12 in /Library/Frameworks/Python.framework/Versions/3.11/lib/python3.11/site-packages (from cryptography->authlib>=1.2.0->safety) (1.16.0)
Requirement already satisfied: pycparser in /Library/Frameworks/Python.framework/Versions/3.11/lib/python3.11/site-packages (from cffi>=1.12->cryptography->authlib>=1.2.0->safety) (2.21)
Requirement already satisfied: anyio in /Library/Frameworks/Python.framework/Versions/3.11/lib/python3.11/site-packages (from httpx->safety) (4.9.0)
Requirement already satisfied: httpcore==1.* in /Library/Frameworks/Python.framework/Versions/3.11/lib/python3.11/site-packages (from httpx->safety) (1.0.9)
Requirement already satisfied: h11>=0.16 in /Library/Frameworks/Python.framework/Versions/3.11/lib/python3.11/site-packages (from httpcore==1.*->httpx->safety) (0.16.0)
Requirement already satisfied: sniffio>=1.1 in /Library/Frameworks/Python.framework/Versions/3.11/lib/python3.11/site-packages (from anyio->httpx->safety) (1.3.1)
[0;32mOutils d'audit Python prÃªts.[0m

[0;32m--- Running Backend Best Practices Audit ---[0m
[INFO] DÃ©but de l'audit des meilleures pratiques...
[INFO] 253 fichier(s) Ã  analyser.
[INFO] Audit des meilleures pratiques terminÃ©. Aucun problÃ¨me trouvÃ©.
[0;32m--- Backend Best Practices Audit Complete ---
[0m
[0;32m--- Running Backend Security Audit ---[0m
[INFO] Running command: /Library/Frameworks/Python.framework/Versions/3.11/bin/python3 -m pip_audit --json -r /Users/remyroche/Documents/2025-06-22 - Maison Truvra Work Doc/backend/requirements.txt in .
[ERROR] Error executing command: /Library/Frameworks/Python.framework/Versions/3.11/bin/python3 -m pip_audit --json -r /Users/remyroche/Documents/2025-06-22 - Maison Truvra Work Doc/backend/requirements.txt
[ERROR] usage: pip-audit [-h] [-V] [-l] [-r REQUIREMENT] [--locked] [-f FORMAT]
                 [-s SERVICE] [-d] [-S] [--desc [{on,off,auto}]]
                 [--aliases [{on,off,auto}]] [--cache-dir CACHE_DIR]
                 [--progress-spinner {on,off}] [--timeout TIMEOUT]
                 [--path PATH] [-v] [--fix] [--require-hashes]
                 [--index-url INDEX_URL] [--extra-index-url URL]
                 [--skip-editable] [--no-deps] [-o FILE] [--ignore-vuln ID]
                 [--disable-pip]
                 [project_path]
pip-audit: error: unrecognized arguments: --json

[INFO] Running command: npm audit --json in /Users/remyroche/Documents/2025-06-22 - Maison Truvra Work Doc/website
[INFO] Running command: /Library/Frameworks/Python.framework/Versions/3.11/bin/python3 -m bandit -r /Users/remyroche/Documents/2025-06-22 - Maison Truvra Work Doc/backend -f json -ll in .
[ERROR] Could not decode Bandit JSON output.
[INFO] Found 281 files to analyze.

[95m[1m===== STARTING COMPREHENSIVE SECURITY AUDIT =====[0m

[95m[1m===== BACKEND DEPENDENCY SCAN (PIP-AUDIT) =====[0m

[95m[1m===== FRONTEND DEPENDENCY SCAN (NPM AUDIT) =====[0m
[[0mMODERATE[0m] Vulnerable package: esbuild
  -> /Users/remyroche/Documents/2025-06-22 - Maison Truvra Work Doc/website/package.json:1
[[0mMODERATE[0m] Vulnerable package: vite
  -> /Users/remyroche/Documents/2025-06-22 - Maison Truvra Work Doc/website/package.json:1
[[0mMODERATE[0m] Vulnerable package: vite-node
  -> /Users/remyroche/Documents/2025-06-22 - Maison Truvra Work Doc/website/package.json:1
[[0mMODERATE[0m] Vulnerable package: vitest
  -> /Users/remyroche/Documents/2025-06-22 - Maison Truvra Work Doc/website/package.json:1

[95m[1m===== BACKEND SECURITY SCAN (BANDIT) =====[0m

[95m[1m===== RUNNING CUSTOM STATIC CODE ANALYSIS =====[0m
Traceback (most recent call last):
  File "/Users/remyroche/Documents/2025-06-22 - Maison Truvra Work Doc/security_audit.py", line 531, in <module>
    num_issues = auditor.run_audit()
                 ^^^^^^^^^^^^^^^^^^^
  File "/Users/remyroche/Documents/2025-06-22 - Maison Truvra Work Doc/security_audit.py", line 476, in run_audit
    self.analyze_file(file_path)
  File "/Users/remyroche/Documents/2025-06-22 - Maison Truvra Work Doc/security_audit.py", line 284, in analyze_file
    self.check_missing_permissions(file_path, content, lines)
TypeError: SecurityAuditor.check_missing_permissions() takes 3 positional arguments but 4 were given
[0;32m--- Backend Security Audit Complete ---
[0m
[0;32m--- Running Dependency & Component Security Audit ---[0m

[1;33mScanning Python dependencies for vulnerabilities...[0m


[33m[1m+===========================================================================================================================================================================================+[0m


[31m[1mDEPRECATED: [0m[33m[1mthis command (`check`) has been DEPRECATED, and will be unsupported beyond 01 June 2024.[0m


[32mWe highly encourage switching to the new [0m[32m[1m`scan`[0m[32m command which is easier to use, more powerful, and can be set up to mimic the deprecated command if required.[0m


[33m[1m+===========================================================================================================================================================================================+[0m


[31mUnable to load vulnerability database[0m
[0;31mVulnerabilities found in Python packages. Please review the output above.[0m

[1;33mScanning Node.js dependencies for vulnerabilities...[0m
# npm audit report

esbuild  <=0.24.2
Severity: moderate
esbuild enables any website to send any requests to the development server and read the response - https://github.com/advisories/GHSA-67mh-4wv8-2f99
fix available via `npm audit fix --force`
Will install vite@7.0.0, which is a breaking change
node_modules/esbuild
  vite  0.11.0 - 6.1.6
  Depends on vulnerable versions of esbuild
  node_modules/vite
    vite-node  <=2.2.0-beta.2
    Depends on vulnerable versions of vite
    node_modules/vite-node
      vitest  0.0.1 - 0.0.12 || 0.0.29 - 0.0.122 || 0.3.3 - 2.2.0-beta.2
      Depends on vulnerable versions of vite
      Depends on vulnerable versions of vite-node
      node_modules/vitest

4 moderate severity vulnerabilities

To address all issues (including breaking changes), run:
  npm audit fix --force
[0;31mVulnerabilities found in Node.js packages. Please review the output above.[0m
[0;32m--- Dependency & Component Security Audit Complete ---
[0m
[1;33m==========================================[0m
[1;33m   All Audits Complete                    [0m
[1;33m==========================================[0m
./run_audits.sh: line 78: 3: Bad file descriptor
