[1;33m==========================================[0m
[1;33m   Starting Maison Truvra Code Audits     [0m
[1;33m==========================================[0m

[0;32m--- Installation/Mise Ã  jour des outils d'audit Python ---[0m
Requirement already satisfied: pip in /Library/Frameworks/Python.framework/Versions/3.11/lib/python3.11/site-packages (25.1.1)
Collecting bandit
  Downloading bandit-1.8.5-py3-none-any.whl.metadata (6.9 kB)
Requirement already satisfied: safety in /Library/Frameworks/Python.framework/Versions/3.11/lib/python3.11/site-packages (3.5.2)
Collecting pip-audit
  Downloading pip_audit-2.9.0-py3-none-any.whl.metadata (27 kB)
Collecting PyYAML>=5.3.1 (from bandit)
  Downloading PyYAML-6.0.2-cp311-cp311-macosx_11_0_arm64.whl.metadata (2.1 kB)
Collecting stevedore>=1.20.0 (from bandit)
  Downloading stevedore-5.4.1-py3-none-any.whl.metadata (2.3 kB)
Requirement already satisfied: rich in /Library/Frameworks/Python.framework/Versions/3.11/lib/python3.11/site-packages (from bandit) (13.9.4)
Requirement already satisfied: authlib>=1.2.0 in /Library/Frameworks/Python.framework/Versions/3.11/lib/python3.11/site-packages (from safety) (1.6.0)
Requirement already satisfied: click<8.2.0,>=8.0.2 in /Library/Frameworks/Python.framework/Versions/3.11/lib/python3.11/site-packages (from safety) (8.1.7)
Requirement already satisfied: dparse>=0.6.4 in /Library/Frameworks/Python.framework/Versions/3.11/lib/python3.11/site-packages (from safety) (0.6.4)
Requirement already satisfied: filelock~=3.16.1 in /Library/Frameworks/Python.framework/Versions/3.11/lib/python3.11/site-packages (from safety) (3.16.1)
Requirement already satisfied: httpx in /Library/Frameworks/Python.framework/Versions/3.11/lib/python3.11/site-packages (from safety) (0.28.1)
Requirement already satisfied: jinja2>=3.1.0 in /Library/Frameworks/Python.framework/Versions/3.11/lib/python3.11/site-packages (from safety) (3.1.3)
Requirement already satisfied: marshmallow>=3.15.0 in /Library/Frameworks/Python.framework/Versions/3.11/lib/python3.11/site-packages (from safety) (4.0.0)
Requirement already satisfied: nltk>=3.9 in /Library/Frameworks/Python.framework/Versions/3.11/lib/python3.11/site-packages (from safety) (3.9.1)
Requirement already satisfied: packaging>=21.0 in /Library/Frameworks/Python.framework/Versions/3.11/lib/python3.11/site-packages (from safety) (23.2)
Requirement already satisfied: psutil~=6.1.0 in /Library/Frameworks/Python.framework/Versions/3.11/lib/python3.11/site-packages (from safety) (6.1.1)
Requirement already satisfied: pydantic<2.10.0,>=2.6.0 in /Library/Frameworks/Python.framework/Versions/3.11/lib/python3.11/site-packages (from safety) (2.9.2)
Requirement already satisfied: requests in /Library/Frameworks/Python.framework/Versions/3.11/lib/python3.11/site-packages (from safety) (2.31.0)
Requirement already satisfied: ruamel-yaml>=0.17.21 in /Library/Frameworks/Python.framework/Versions/3.11/lib/python3.11/site-packages (from safety) (0.18.14)
Requirement already satisfied: safety-schemas==0.0.14 in /Library/Frameworks/Python.framework/Versions/3.11/lib/python3.11/site-packages (from safety) (0.0.14)
Requirement already satisfied: setuptools>=65.5.1 in /Library/Frameworks/Python.framework/Versions/3.11/lib/python3.11/site-packages (from safety) (80.9.0)
Requirement already satisfied: tenacity in /Library/Frameworks/Python.framework/Versions/3.11/lib/python3.11/site-packages (from safety) (9.1.2)
Requirement already satisfied: tomlkit in /Library/Frameworks/Python.framework/Versions/3.11/lib/python3.11/site-packages (from safety) (0.13.3)
Requirement already satisfied: typer>=0.12.1 in /Library/Frameworks/Python.framework/Versions/3.11/lib/python3.11/site-packages (from safety) (0.16.0)
Requirement already satisfied: typing-extensions>=4.7.1 in /Library/Frameworks/Python.framework/Versions/3.11/lib/python3.11/site-packages (from safety) (4.9.0)
Requirement already satisfied: annotated-types>=0.6.0 in /Library/Frameworks/Python.framework/Versions/3.11/lib/python3.11/site-packages (from pydantic<2.10.0,>=2.6.0->safety) (0.7.0)
Requirement already satisfied: pydantic-core==2.23.4 in /Library/Frameworks/Python.framework/Versions/3.11/lib/python3.11/site-packages (from pydantic<2.10.0,>=2.6.0->safety) (2.23.4)
Collecting CacheControl>=0.13.0 (from CacheControl[filecache]>=0.13.0->pip-audit)
  Downloading cachecontrol-0.14.3-py3-none-any.whl.metadata (3.1 kB)
Collecting cyclonedx-python-lib<10,>=5 (from pip-audit)
  Downloading cyclonedx_python_lib-9.1.0-py3-none-any.whl.metadata (6.5 kB)
Collecting pip-api>=0.0.28 (from pip-audit)
  Downloading pip_api-0.0.34-py3-none-any.whl.metadata (6.6 kB)
Collecting pip-requirements-parser>=32.0.0 (from pip-audit)
  Downloading pip_requirements_parser-32.0.1-py3-none-any.whl.metadata (9.3 kB)
Collecting toml>=0.10 (from pip-audit)
  Downloading toml-0.10.2-py2.py3-none-any.whl.metadata (7.1 kB)
Collecting platformdirs>=4.2.0 (from pip-audit)
  Using cached platformdirs-4.3.8-py3-none-any.whl.metadata (12 kB)
Collecting license-expression<31,>=30 (from cyclonedx-python-lib<10,>=5->pip-audit)
  Downloading license_expression-30.4.3-py3-none-any.whl.metadata (11 kB)
Collecting packageurl-python<2,>=0.11 (from cyclonedx-python-lib<10,>=5->pip-audit)
  Downloading packageurl_python-0.17.1-py3-none-any.whl.metadata (5.1 kB)
Collecting py-serializable<3.0.0,>=2.0.0 (from cyclonedx-python-lib<10,>=5->pip-audit)
  Downloading py_serializable-2.0.0-py3-none-any.whl.metadata (4.3 kB)
Collecting sortedcontainers<3.0.0,>=2.4.0 (from cyclonedx-python-lib<10,>=5->pip-audit)
  Downloading sortedcontainers-2.4.0-py2.py3-none-any.whl.metadata (10 kB)
Collecting boolean.py>=4.0 (from license-expression<31,>=30->cyclonedx-python-lib<10,>=5->pip-audit)
  Downloading boolean_py-5.0-py3-none-any.whl.metadata (2.3 kB)
Collecting defusedxml<0.8.0,>=0.7.1 (from py-serializable<3.0.0,>=2.0.0->cyclonedx-python-lib<10,>=5->pip-audit)
  Downloading defusedxml-0.7.1-py2.py3-none-any.whl.metadata (32 kB)
Requirement already satisfied: cryptography in /Library/Frameworks/Python.framework/Versions/3.11/lib/python3.11/site-packages (from authlib>=1.2.0->safety) (42.0.5)
Collecting msgpack<2.0.0,>=0.5.2 (from CacheControl>=0.13.0->CacheControl[filecache]>=0.13.0->pip-audit)
  Downloading msgpack-1.1.1-cp311-cp311-macosx_11_0_arm64.whl.metadata (8.4 kB)
Requirement already satisfied: MarkupSafe>=2.0 in /Library/Frameworks/Python.framework/Versions/3.11/lib/python3.11/site-packages (from jinja2>=3.1.0->safety) (2.1.5)
Requirement already satisfied: joblib in /Library/Frameworks/Python.framework/Versions/3.11/lib/python3.11/site-packages (from nltk>=3.9->safety) (1.5.1)
Requirement already satisfied: regex>=2021.8.3 in /Library/Frameworks/Python.framework/Versions/3.11/lib/python3.11/site-packages (from nltk>=3.9->safety) (2024.11.6)
Requirement already satisfied: tqdm in /Library/Frameworks/Python.framework/Versions/3.11/lib/python3.11/site-packages (from nltk>=3.9->safety) (4.67.1)
Collecting pyparsing (from pip-requirements-parser>=32.0.0->pip-audit)
  Downloading pyparsing-3.2.3-py3-none-any.whl.metadata (5.0 kB)
Requirement already satisfied: charset-normalizer<4,>=2 in /Library/Frameworks/Python.framework/Versions/3.11/lib/python3.11/site-packages (from requests->safety) (3.3.2)
Requirement already satisfied: idna<4,>=2.5 in /Library/Frameworks/Python.framework/Versions/3.11/lib/python3.11/site-packages (from requests->safety) (3.6)
Requirement already satisfied: urllib3<3,>=1.21.1 in /Library/Frameworks/Python.framework/Versions/3.11/lib/python3.11/site-packages (from requests->safety) (2.2.1)
Requirement already satisfied: certifi>=2017.4.17 in /Library/Frameworks/Python.framework/Versions/3.11/lib/python3.11/site-packages (from requests->safety) (2024.2.2)
Requirement already satisfied: markdown-it-py>=2.2.0 in /Library/Frameworks/Python.framework/Versions/3.11/lib/python3.11/site-packages (from rich->bandit) (3.0.0)
Requirement already satisfied: pygments<3.0.0,>=2.13.0 in /Library/Frameworks/Python.framework/Versions/3.11/lib/python3.11/site-packages (from rich->bandit) (2.19.1)
Requirement already satisfied: mdurl~=0.1 in /Library/Frameworks/Python.framework/Versions/3.11/lib/python3.11/site-packages (from markdown-it-py>=2.2.0->rich->bandit) (0.1.2)
Requirement already satisfied: ruamel.yaml.clib>=0.2.7 in /Library/Frameworks/Python.framework/Versions/3.11/lib/python3.11/site-packages (from ruamel-yaml>=0.17.21->safety) (0.2.12)
Collecting pbr>=2.0.0 (from stevedore>=1.20.0->bandit)
  Downloading pbr-6.1.1-py2.py3-none-any.whl.metadata (3.4 kB)
Requirement already satisfied: shellingham>=1.3.0 in /Library/Frameworks/Python.framework/Versions/3.11/lib/python3.11/site-packages (from typer>=0.12.1->safety) (1.5.4)
Requirement already satisfied: cffi>=1.12 in /Library/Frameworks/Python.framework/Versions/3.11/lib/python3.11/site-packages (from cryptography->authlib>=1.2.0->safety) (1.16.0)
Requirement already satisfied: pycparser in /Library/Frameworks/Python.framework/Versions/3.11/lib/python3.11/site-packages (from cffi>=1.12->cryptography->authlib>=1.2.0->safety) (2.21)
Requirement already satisfied: anyio in /Library/Frameworks/Python.framework/Versions/3.11/lib/python3.11/site-packages (from httpx->safety) (4.9.0)
Requirement already satisfied: httpcore==1.* in /Library/Frameworks/Python.framework/Versions/3.11/lib/python3.11/site-packages (from httpx->safety) (1.0.9)
Requirement already satisfied: h11>=0.16 in /Library/Frameworks/Python.framework/Versions/3.11/lib/python3.11/site-packages (from httpcore==1.*->httpx->safety) (0.16.0)
Requirement already satisfied: sniffio>=1.1 in /Library/Frameworks/Python.framework/Versions/3.11/lib/python3.11/site-packages (from anyio->httpx->safety) (1.3.1)
Downloading bandit-1.8.5-py3-none-any.whl (131 kB)
Downloading pip_audit-2.9.0-py3-none-any.whl (58 kB)
Downloading cyclonedx_python_lib-9.1.0-py3-none-any.whl (374 kB)
Downloading license_expression-30.4.3-py3-none-any.whl (117 kB)
Downloading packageurl_python-0.17.1-py3-none-any.whl (28 kB)
Downloading py_serializable-2.0.0-py3-none-any.whl (22 kB)
Downloading defusedxml-0.7.1-py2.py3-none-any.whl (25 kB)
Downloading sortedcontainers-2.4.0-py2.py3-none-any.whl (29 kB)
Downloading boolean_py-5.0-py3-none-any.whl (26 kB)
Downloading cachecontrol-0.14.3-py3-none-any.whl (21 kB)
Downloading msgpack-1.1.1-cp311-cp311-macosx_11_0_arm64.whl (79 kB)
Downloading pip_api-0.0.34-py3-none-any.whl (120 kB)
Downloading pip_requirements_parser-32.0.1-py3-none-any.whl (35 kB)
Using cached platformdirs-4.3.8-py3-none-any.whl (18 kB)
Downloading PyYAML-6.0.2-cp311-cp311-macosx_11_0_arm64.whl (172 kB)
Downloading stevedore-5.4.1-py3-none-any.whl (49 kB)
Downloading pbr-6.1.1-py2.py3-none-any.whl (108 kB)
Downloading toml-0.10.2-py2.py3-none-any.whl (16 kB)
Downloading pyparsing-3.2.3-py3-none-any.whl (111 kB)
Installing collected packages: sortedcontainers, boolean.py, toml, PyYAML, pyparsing, platformdirs, pip-api, pbr, packageurl-python, msgpack, license-expression, defusedxml, stevedore, py-serializable, pip-requirements-parser, CacheControl, cyclonedx-python-lib, bandit, pip-audit

Successfully installed CacheControl-0.14.3 PyYAML-6.0.2 bandit-1.8.5 boolean.py-5.0 cyclonedx-python-lib-9.1.0 defusedxml-0.7.1 license-expression-30.4.3 msgpack-1.1.1 packageurl-python-0.17.1 pbr-6.1.1 pip-api-0.0.34 pip-audit-2.9.0 pip-requirements-parser-32.0.1 platformdirs-4.3.8 py-serializable-2.0.0 pyparsing-3.2.3 sortedcontainers-2.4.0 stevedore-5.4.1 toml-0.10.2
[0;32mOutils d'audit Python prÃªts.[0m

[0;32m--- Running Backend Best Practices Audit ---[0m
[INFO] DÃ©but de l'audit des meilleures pratiques...
[INFO] 253 fichier(s) Ã  analyser.
[INFO] Audit des meilleures pratiques terminÃ©. Aucun problÃ¨me trouvÃ©.
[0;32m--- Backend Best Practices Audit Complete ---
[0m
[0;32m--- Running Backend Security Audit ---[0m
[INFO] Running command: /Library/Frameworks/Python.framework/Versions/3.11/bin/python3 -m pip_audit --json -r /Users/remyroche/Documents/2025-06-22 - Maison Truvra Work Doc/backend/requirements.txt in .
[ERROR] Error executing command: /Library/Frameworks/Python.framework/Versions/3.11/bin/python3 -m pip_audit --json -r /Users/remyroche/Documents/2025-06-22 - Maison Truvra Work Doc/backend/requirements.txt
[ERROR] usage: pip-audit [-h] [-V] [-l] [-r REQUIREMENT] [--locked] [-f FORMAT]
                 [-s SERVICE] [-d] [-S] [--desc [{on,off,auto}]]
                 [--aliases [{on,off,auto}]] [--cache-dir CACHE_DIR]
                 [--progress-spinner {on,off}] [--timeout TIMEOUT]
                 [--path PATH] [-v] [--fix] [--require-hashes]
                 [--index-url INDEX_URL] [--extra-index-url URL]
                 [--skip-editable] [--no-deps] [-o FILE] [--ignore-vuln ID]
                 [--disable-pip]
                 [project_path]
pip-audit: error: unrecognized arguments: --json

[INFO] Running command: npm audit --json in /Users/remyroche/Documents/2025-06-22 - Maison Truvra Work Doc/website
[INFO] Running command: /Library/Frameworks/Python.framework/Versions/3.11/bin/python3 -m bandit -r /Users/remyroche/Documents/2025-06-22 - Maison Truvra Work Doc/backend -f json -ll in .
[ERROR] Could not decode Bandit JSON output.
[INFO] Found 281 files to analyze.

[95m[1m===== STARTING COMPREHENSIVE SECURITY AUDIT =====[0m

[95m[1m===== BACKEND DEPENDENCY SCAN (PIP-AUDIT) =====[0m

[95m[1m===== FRONTEND DEPENDENCY SCAN (NPM AUDIT) =====[0m
[[0mMODERATE[0m] Vulnerable package: esbuild
  -> /Users/remyroche/Documents/2025-06-22 - Maison Truvra Work Doc/website/package.json:1
[[0mMODERATE[0m] Vulnerable package: vite
  -> /Users/remyroche/Documents/2025-06-22 - Maison Truvra Work Doc/website/package.json:1
[[0mMODERATE[0m] Vulnerable package: vite-node
  -> /Users/remyroche/Documents/2025-06-22 - Maison Truvra Work Doc/website/package.json:1
[[0mMODERATE[0m] Vulnerable package: vitest
  -> /Users/remyroche/Documents/2025-06-22 - Maison Truvra Work Doc/website/package.json:1

[95m[1m===== BACKEND SECURITY SCAN (BANDIT) =====[0m

[95m[1m===== RUNNING CUSTOM STATIC CODE ANALYSIS =====[0m
Traceback (most recent call last):
  File "/Users/remyroche/Documents/2025-06-22 - Maison Truvra Work Doc/security_audit.py", line 531, in <module>
    num_issues = auditor.run_audit()
                 ^^^^^^^^^^^^^^^^^^^
  File "/Users/remyroche/Documents/2025-06-22 - Maison Truvra Work Doc/security_audit.py", line 476, in run_audit
    self.analyze_file(file_path)
  File "/Users/remyroche/Documents/2025-06-22 - Maison Truvra Work Doc/security_audit.py", line 284, in analyze_file
    self.check_missing_permissions(file_path, content, lines)
TypeError: SecurityAuditor.check_missing_permissions() takes 3 positional arguments but 4 were given
[0;32m--- Backend Security Audit Complete ---
[0m
[0;32m--- Running Dependency & Component Security Audit ---[0m

[1;33mScanning Python dependencies for vulnerabilities...[0m


[33m[1m+===========================================================================================================================================================================================+[0m


[31m[1mDEPRECATED: [0m[33m[1mthis command (`check`) has been DEPRECATED, and will be unsupported beyond 01 June 2024.[0m


[32mWe highly encourage switching to the new [0m[32m[1m`scan`[0m[32m command which is easier to use, more powerful, and can be set up to mimic the deprecated command if required.[0m


[33m[1m+===========================================================================================================================================================================================+[0m


+==============================================================================+

                               /$$$$$$            /$$
                              /$$__  $$          | $$
           /$$$$$$$  /$$$$$$ | $$  \__//$$$$$$  /$$$$$$   /$$   /$$
          /$$_____/ |____  $$| $$$$   /$$__  $$|_  $$_/  | $$  | $$
         |  $$$$$$   /$$$$$$$| $$_/  | $$$$$$$$  | $$    | $$  | $$
          \____  $$ /$$__  $$| $$    | $$_____/  | $$ /$$| $$  | $$
          /$$$$$$$/|  $$$$$$$| $$    |  $$$$$$$  |  $$$$/|  $$$$$$$
         |_______/  \_______/|__/     \_______/   \___/   \____  $$
                                                          /$$  | $$
                                                         |  $$$$$$/
  by safetycli.com                                        \______/

+==============================================================================+

 [1mANNOUNCEMENTS[0m 

[33m  * Warning: greenlet, bandit, safety, flask-caching, cryptography, python-[0m 
[33m    magic and pillow are unpinned. Safety by default does not report on[0m 
[33m    potential vulnerabilities in unpinned packages. It is recommended to pin[0m 
[33m    your dependencies unless this is a library meant for distribution. To learn[0m 
[33m    more about reporting these, specifier range handling, and options for[0m 
[33m    scanning unpinned packages visit https://docs.pyup.io/docs/safety-range-[0m 
[33m    specs[0m 

+==============================================================================+

 [1mREPORT[0m 

  Safety [1mv3.5.2[0m is scanning for [1mVulnerabilities[0m[1m...[0m
[1m  Scanning dependencies[0m in your [1mfiles:[0m

  -> backend/requirements.txt

  Using [1mopen-source vulnerability database[0m
[1m  Found and scanned 75 packages[0m
  Timestamp [1m2025-07-01 19:24:20[0m
[1m  15[0m[1m vulnerabilities reported[0m
[1m  74[0m[1m vulnerabilities ignored[0m

+==============================================================================+
 [1mVULNERABILITIES REPORTED[0m 
+==============================================================================+

[33m-> Warning: 4 known vulnerabilities match the pillow versions that could be[0m 
[33m   installed from your specifier: Pillow>=10.0.0 (unpinned). These[0m 
[33m   vulnerabilities are not reported by default. To report these vulnerabilities[0m 
[33m   set 'ignore-unpinned-requirements' to False under 'security' in your policy[0m 
[33m   file. See https://docs.pyup.io/docs/safety-20-policy-file for more[0m 
[33m   information.[0m 
[33m   It is recommended to pin your dependencies unless this is a library meant[0m 
[33m   for distribution. To learn more about reporting these, specifier range[0m 
[33m   handling, and options for scanning unpinned packages visit[0m 
[33m   https://docs.pyup.io/docs/safety-range-specs[0m 

[33m-> Warning: 41 known vulnerabilities match the cryptography versions that could[0m 
[33m   be installed from your specifiers: cryptography>=0 (unpinned). These[0m 
[33m   vulnerabilities are not reported by default. To report these vulnerabilities[0m 
[33m   set 'ignore-unpinned-requirements' to False under 'security' in your policy[0m 
[33m   file. See https://docs.pyup.io/docs/safety-20-policy-file for more[0m 
[33m   information.[0m 
[33m   It is recommended to pin your dependencies unless this is a library meant[0m 
[33m   for distribution. To learn more about reporting these, specifier range[0m 
[33m   handling, and options for scanning unpinned packages visit[0m 
[33m   https://docs.pyup.io/docs/safety-range-specs[0m 

[33m-> Warning: 1 known vulnerability matches the flask-caching versions that could[0m 
[33m   be installed from your specifier: flask-caching>=0 (unpinned). These[0m 
[33m   vulnerabilities are not reported by default. To report these vulnerabilities[0m 
[33m   set 'ignore-unpinned-requirements' to False under 'security' in your policy[0m 
[33m   file. See https://docs.pyup.io/docs/safety-20-policy-file for more[0m 
[33m   information.[0m 
[33m   It is recommended to pin your dependencies unless this is a library meant[0m 
[33m   for distribution. To learn more about reporting these, specifier range[0m 
[33m   handling, and options for scanning unpinned packages visit[0m 
[33m   https://docs.pyup.io/docs/safety-range-specs[0m 

[33m-> Warning: 5 known vulnerabilities match the safety versions that could be[0m 
[33m   installed from your specifier: safety>=0 (unpinned). These vulnerabilities[0m 
[33m   are not reported by default. To report these vulnerabilities set 'ignore-[0m 
[33m   unpinned-requirements' to False under 'security' in your policy file. See[0m 
[33m   https://docs.pyup.io/docs/safety-20-policy-file for more information.[0m 
[33m   It is recommended to pin your dependencies unless this is a library meant[0m 
[33m   for distribution. To learn more about reporting these, specifier range[0m 
[33m   handling, and options for scanning unpinned packages visit[0m 
[33m   https://docs.pyup.io/docs/safety-range-specs[0m 

[33m-> Warning: 3 known vulnerabilities match the bandit versions that could be[0m 
[33m   installed from your specifier: bandit>=0 (unpinned). These vulnerabilities[0m 
[33m   are not reported by default. To report these vulnerabilities set 'ignore-[0m 
[33m   unpinned-requirements' to False under 'security' in your policy file. See[0m 
[33m   https://docs.pyup.io/docs/safety-20-policy-file for more information.[0m 
[33m   It is recommended to pin your dependencies unless this is a library meant[0m 
[33m   for distribution. To learn more about reporting these, specifier range[0m 
[33m   handling, and options for scanning unpinned packages visit[0m 
[33m   https://docs.pyup.io/docs/safety-range-specs[0m 

-> Vulnerability found in zipp version 3.17.0
[1m   Vulnerability ID: [0m72132
[32m[1m   This vulnerability is being ignored.[0m
[1m   For more information about this vulnerability, visit
   [0mhttps://data.safetycli.com/v/72132/97c[0m


-> Vulnerability found in werkzeug version 3.0.1
[1m   Vulnerability ID: [0m71594
[32m[1m   This vulnerability is being ignored.[0m
[1m   For more information about this vulnerability, visit
   [0mhttps://data.safetycli.com/v/71594/97c[0m


-> Vulnerability found in werkzeug version 3.0.1
[1m   Vulnerability ID: [0m73969
[32m[1m   This vulnerability is being ignored.[0m
[1m   For more information about this vulnerability, visit
   [0mhttps://data.safetycli.com/v/73969/97c[0m


-> Vulnerability found in werkzeug version 3.0.1
[1m   Vulnerability ID: [0m73889
[32m[1m   This vulnerability is being ignored.[0m
[1m   For more information about this vulnerability, visit
   [0mhttps://data.safetycli.com/v/73889/97c[0m


-> Vulnerability found in urllib3 version 2.2.1
[1m   Vulnerability ID: [0m71608
[32m[1m   This vulnerability is being ignored.[0m
[1m   For more information about this vulnerability, visit
   [0mhttps://data.safetycli.com/v/71608/97c[0m


-> Vulnerability found in requests version 2.31.0
[1m   Vulnerability ID: [0m71064
[32m[1m   This vulnerability is being ignored.[0m
[1m   For more information about this vulnerability, visit
   [0mhttps://data.safetycli.com/v/71064/97c[0m


-> Vulnerability found in pyjwt version 2.8.0
[1m   Vulnerability ID: [0m74429
[32m[1m   This vulnerability is being ignored.[0m
[1m   For more information about this vulnerability, visit
   [0mhttps://data.safetycli.com/v/74429/97c[0m


-> Vulnerability found in jinja2 version 3.1.3
[1m   Vulnerability ID: [0m76378
[32m[1m   This vulnerability is being ignored.[0m
[1m   For more information about this vulnerability, visit
   [0mhttps://data.safetycli.com/v/76378/97c[0m


-> Vulnerability found in jinja2 version 3.1.3
[1m   Vulnerability ID: [0m74735
[32m[1m   This vulnerability is being ignored.[0m
[1m   For more information about this vulnerability, visit
   [0mhttps://data.safetycli.com/v/74735/97c[0m


-> Vulnerability found in jinja2 version 3.1.3
[1m   Vulnerability ID: [0m75976
[32m[1m   This vulnerability is being ignored.[0m
[1m   For more information about this vulnerability, visit
   [0mhttps://data.safetycli.com/v/75976/97c[0m


-> Vulnerability found in jinja2 version 3.1.3
[1m   Vulnerability ID: [0m71591
[32m[1m   This vulnerability is being ignored.[0m
[1m   For more information about this vulnerability, visit
   [0mhttps://data.safetycli.com/v/71591/97c[0m


-> Vulnerability found in idna version 3.6
[1m   Vulnerability ID: [0m67895
[32m[1m   This vulnerability is being ignored.[0m
[1m   For more information about this vulnerability, visit
   [0mhttps://data.safetycli.com/v/67895/97c[0m


-> Vulnerability found in gunicorn version 21.2.0
[1m   Vulnerability ID: [0m76244
[32m[1m   This vulnerability is being ignored.[0m
[1m   For more information about this vulnerability, visit
   [0mhttps://data.safetycli.com/v/76244/97c[0m


-> Vulnerability found in gunicorn version 21.2.0
[1m   Vulnerability ID: [0m71600
[32m[1m   This vulnerability is being ignored.[0m
[1m   For more information about this vulnerability, visit
   [0mhttps://data.safetycli.com/v/71600/97c[0m


-> Vulnerability found in flask-cors version 4.0.0
[1m   Vulnerability ID: [0m72731
[32m[1m   This vulnerability is being ignored.[0m
[1m   For more information about this vulnerability, visit
   [0mhttps://data.safetycli.com/v/72731/97c[0m


-> Vulnerability found in flask-cors version 4.0.0
[1m   Vulnerability ID: [0m76241
[32m[1m   This vulnerability is being ignored.[0m
[1m   For more information about this vulnerability, visit
   [0mhttps://data.safetycli.com/v/76241/97c[0m


-> Vulnerability found in flask-cors version 4.0.0
[1m   Vulnerability ID: [0m70624
[32m[1m   This vulnerability is being ignored.[0m
[1m   For more information about this vulnerability, visit
   [0mhttps://data.safetycli.com/v/70624/97c[0m


-> Vulnerability found in flask-cors version 4.0.0
[1m   Vulnerability ID: [0m76237
[32m[1m   This vulnerability is being ignored.[0m
[1m   For more information about this vulnerability, visit
   [0mhttps://data.safetycli.com/v/76237/97c[0m


-> Vulnerability found in flask-cors version 4.0.0
[1m   Vulnerability ID: [0m76242
[32m[1m   This vulnerability is being ignored.[0m
[1m   For more information about this vulnerability, visit
   [0mhttps://data.safetycli.com/v/76242/97c[0m


-> Vulnerability found in certifi version 2024.2.2
[1m   Vulnerability ID: [0m72083
[32m[1m   This vulnerability is being ignored.[0m
[1m   For more information about this vulnerability, visit
   [0mhttps://data.safetycli.com/v/72083/97c[0m


[31m-> Vulnerability found in cryptography version 42.0.5[0m
[1m   Vulnerability ID: [0m71681
[1m   Affected spec: [0m<42.0.8
[1m   ADVISORY: [0mThe `cryptography` library has updated its BoringSSL and
   OpenSSL dependencies in CI due to a security concern. Specifically, the...
[1m   CVE-2024-4603[0m
[1m   For more information about this vulnerability, visit
   [0mhttps://data.safetycli.com/v/71681/97c[0m
   To ignore this vulnerability, use PyUp vulnerability id 71681 in safetyâ€™s
   ignore command-line argument or add the ignore to your safety policy file.


[31m-> Vulnerability found in cryptography version 42.0.5[0m
[1m   Vulnerability ID: [0m73711
[1m   Affected spec: [0m>=37.0.0,<43.0.1
[1m   ADVISORY: [0mAffected versions of Cryptography have a vulnerable
   statically linked copy of OpenSSL included in cryptography wheels.
[1m   PVE-2024-73711[0m
[1m   For more information about this vulnerability, visit
   [0mhttps://data.safetycli.com/v/73711/97c[0m
   To ignore this vulnerability, use PyUp vulnerability id 73711 in safetyâ€™s
   ignore command-line argument or add the ignore to your safety policy file.


[31m-> Vulnerability found in cryptography version 42.0.5[0m
[1m   Vulnerability ID: [0m71684
[1m   Affected spec: [0m>=35.0.0,<42.0.6
[1m   ADVISORY: [0mThe `cryptography` library updates its BoringSSL and
   OpenSSL dependencies in CI due to a security concern. Specifically,...
[1m   CVE-2024-2511[0m
[1m   For more information about this vulnerability, visit
   [0mhttps://data.safetycli.com/v/71684/97c[0m
   To ignore this vulnerability, use PyUp vulnerability id 71684 in safetyâ€™s
   ignore command-line argument or add the ignore to your safety policy file.


[31m-> Vulnerability found in cryptography version 42.0.5[0m
[1m   Vulnerability ID: [0m76170
[1m   Affected spec: [0m>=42.0.0,<44.0.1
[1m   ADVISORY: [0mPyca/cryptography's wheels include a statically linked
   copy of OpenSSL. The versions of OpenSSL included in cryptography...
[1m   CVE-2024-12797[0m
[1m   For more information about this vulnerability, visit
   [0mhttps://data.safetycli.com/v/76170/97c[0m
   To ignore this vulnerability, use PyUp vulnerability id 76170 in safetyâ€™s
   ignore command-line argument or add the ignore to your safety policy file.


[31m-> Vulnerability found in eventlet version 0.33.3[0m
[1m   Vulnerability ID: [0m66928
[1m   Affected spec: [0m<0.34.3
[1m   ADVISORY: [0mEventlet 0.34.3 addresses a security concern by adhering
   to RFC 9112 standards, now rejecting requests that include both...
[1m   PVE-2024-66928[0m
[1m   For more information about this vulnerability, visit
   [0mhttps://data.safetycli.com/v/66928/97c[0m
   To ignore this vulnerability, use PyUp vulnerability id 66928 in safetyâ€™s
   ignore command-line argument or add the ignore to your safety policy file.


[31m-> Vulnerability found in eventlet version 0.33.3[0m
[1m   Vulnerability ID: [0m66927
[1m   Affected spec: [0m<0.35.2
[1m   ADVISORY: [0mEventlet before 0.35.2, as used in dnspython before
   2.6.0, allows remote attackers to interfere with DNS name resolution by...
[1m   CVE-2023-29483[0m
[1m   For more information about this vulnerability, visit
   [0mhttps://data.safetycli.com/v/66927/97c[0m
   To ignore this vulnerability, use PyUp vulnerability id 66927 in safetyâ€™s
   ignore command-line argument or add the ignore to your safety policy file.


[31m-> Vulnerability found in eventlet version 0.33.3[0m
[1m   Vulnerability ID: [0m73179
[1m   Affected spec: [0m<0.37.0
[1m   ADVISORY: [0mEventlet affected versions contain a vulnerability in
   HTTP header processing within the WSGI implementation. This flaw could...
[1m   PVE-2024-73179[0m
[1m   For more information about this vulnerability, visit
   [0mhttps://data.safetycli.com/v/73179/97c[0m
   To ignore this vulnerability, use PyUp vulnerability id 73179 in safetyâ€™s
   ignore command-line argument or add the ignore to your safety policy file.


[31m-> Vulnerability found in sqlalchemy-utils version 0.41.1[0m
[1m   Vulnerability ID: [0m42194
[1m   Affected spec: [0m>=0.27.0
[1m   ADVISORY: [0mSqlalchemy-utils from version 0.27.0 'EncryptedType'
   uses by default AES with CBC mode. The IV that it uses is not random...
[1m   PVE-2021-42194[0m
[1m   For more information about this vulnerability, visit
   [0mhttps://data.safetycli.com/v/42194/97c[0m
   To ignore this vulnerability, use PyUp vulnerability id 42194 in safetyâ€™s
   ignore command-line argument or add the ignore to your safety policy file.


[31m-> Vulnerability found in sqlalchemy-utils version 0.41.1[0m
[1m   Vulnerability ID: [0m42194
[1m   Affected spec: [0m>=0.27.0
[1m   ADVISORY: [0mSqlalchemy-utils from version 0.27.0 'EncryptedType'
   uses by default AES with CBC mode. The IV that it uses is not random...
[1m   PVE-2021-42194[0m
[1m   For more information about this vulnerability, visit
   [0mhttps://data.safetycli.com/v/42194/97c[0m
   To ignore this vulnerability, use PyUp vulnerability id 42194 in safetyâ€™s
   ignore command-line argument or add the ignore to your safety policy file.


[31m-> Vulnerability found in redis version 4.5.1[0m
[1m   Vulnerability ID: [0m53868
[1m   Affected spec: [0m>=4.5.0,<4.5.3
[1m   ADVISORY: [0mAn Off-by-one flaw was found in Redis. Affected versions
   leave a connection open after canceling an async Redis command at an...
[1m   CVE-2023-28858[0m
[1m   For more information about this vulnerability, visit
   [0mhttps://data.safetycli.com/v/53868/97c[0m
   To ignore this vulnerability, use PyUp vulnerability id 53868 in safetyâ€™s
   ignore command-line argument or add the ignore to your safety policy file.


[31m-> Vulnerability found in redis version 4.5.1[0m
[1m   Vulnerability ID: [0m53869
[1m   Affected spec: [0m>=4.5.0,<4.5.4
[1m   ADVISORY: [0mRedis 4.4.4 and 4.5.4 include a fix for CVE-2023-28859:
   Redis-py before 4.4.4 and 4.5.x before 4.5.4 leaves a connection open...
[1m   CVE-2023-28859[0m
[1m   For more information about this vulnerability, visit
   [0mhttps://data.safetycli.com/v/53869/97c[0m
   To ignore this vulnerability, use PyUp vulnerability id 53869 in safetyâ€™s
   ignore command-line argument or add the ignore to your safety policy file.


[31m-> Vulnerability found in sqlalchemy version 1.4.46[0m
[1m   Vulnerability ID: [0m51668
[1m   Affected spec: [0m<2.0.0b1
[1m   ADVISORY: [0mSqlalchemy 2.0.0b1 avoids leaking cleartext passwords to
   the open for careless uses of str(engine.URL()) in logs and...
[1m   PVE-2022-51668[0m
[1m   For more information about this vulnerability, visit
   [0mhttps://data.safetycli.com/v/51668/97c[0m
   To ignore this vulnerability, use PyUp vulnerability id 51668 in safetyâ€™s
   ignore command-line argument or add the ignore to your safety policy file.


[31m-> Vulnerability found in flask version 2.2.2[0m
[1m   Vulnerability ID: [0m55261
[1m   Affected spec: [0m<2.2.5
[1m   ADVISORY: [0mFlask 2.2.5 and 2.3.2 include a fix for CVE-2023-30861:
   When all of the following conditions are met, a response containing...
[1m   CVE-2023-30861[0m
[1m   For more information about this vulnerability, visit
   [0mhttps://data.safetycli.com/v/55261/97c[0m
   To ignore this vulnerability, use PyUp vulnerability id 55261 in safetyâ€™s
   ignore command-line argument or add the ignore to your safety policy file.


[31m-> Vulnerability found in flask version 2.2.2[0m
[1m   Vulnerability ID: [0m77323
[1m   Affected spec: [0m<3.1.1
[1m   ADVISORY: [0mAffected versions of Flask (â‰¤ 3.1.0) are vulnerable to
   incorrect fallback key configuration in session signing, leading to...
[1m   CVE-2025-47278[0m
[1m   For more information about this vulnerability, visit
   [0mhttps://data.safetycli.com/v/77323/97c[0m
   To ignore this vulnerability, use PyUp vulnerability id 77323 in safetyâ€™s
   ignore command-line argument or add the ignore to your safety policy file.


[31m-> Vulnerability found in flask version 3.0.2[0m
[1m   Vulnerability ID: [0m77323
[1m   Affected spec: [0m<3.1.1
[1m   ADVISORY: [0mAffected versions of Flask (â‰¤ 3.1.0) are vulnerable to
   incorrect fallback key configuration in session signing, leading to...
[1m   CVE-2025-47278[0m
[1m   For more information about this vulnerability, visit
   [0mhttps://data.safetycli.com/v/77323/97c[0m
   To ignore this vulnerability, use PyUp vulnerability id 77323 in safetyâ€™s
   ignore command-line argument or add the ignore to your safety policy file.


+==============================================================================+
   [32m[1mREMEDIATIONS[0m

  15 vulnerabilities were reported in 6 packages. For detailed remediation & 
  fix recommendations, upgrade to a commercial license. 

+==============================================================================+

 Scan was completed. 15 vulnerabilities were reported. 74 vulnerabilities from 
 15 packages were ignored. 

+==============================================================================+[0m


[33m[1m+===========================================================================================================================================================================================+[0m


[31m[1mDEPRECATED: [0m[33m[1mthis command (`check`) has been DEPRECATED, and will be unsupported beyond 01 June 2024.[0m


[32mWe highly encourage switching to the new [0m[32m[1m`scan`[0m[32m command which is easier to use, more powerful, and can be set up to mimic the deprecated command if required.[0m


[33m[1m+===========================================================================================================================================================================================+[0m


[0;31mVulnerabilities found in Python packages. Please review the output above.[0m

[1;33mScanning Node.js dependencies for vulnerabilities...[0m
# npm audit report

esbuild  <=0.24.2
Severity: moderate
esbuild enables any website to send any requests to the development server and read the response - https://github.com/advisories/GHSA-67mh-4wv8-2f99
fix available via `npm audit fix --force`
Will install vite@7.0.0, which is a breaking change
node_modules/esbuild
  vite  0.11.0 - 6.1.6
  Depends on vulnerable versions of esbuild
  node_modules/vite
    vite-node  <=2.2.0-beta.2
    Depends on vulnerable versions of vite
    node_modules/vite-node
      vitest  0.0.1 - 0.0.12 || 0.0.29 - 0.0.122 || 0.3.3 - 2.2.0-beta.2
      Depends on vulnerable versions of vite
      Depends on vulnerable versions of vite-node
      node_modules/vitest

4 moderate severity vulnerabilities

To address all issues (including breaking changes), run:
  npm audit fix --force
[0;31mVulnerabilities found in Node.js packages. Please review the output above.[0m
[0;32m--- Dependency & Component Security Audit Complete ---
[0m
[1;33m==========================================[0m
[1;33m   All Audits Complete                    [0m
[1;33m==========================================[0m
./run_audits.sh: line 78: 3: Bad file descriptor
